# JRE version: Java(TM) SE Runtime Environment (18.0.1.1+2) (build 18.0.1.1+2-6)
# Java VM: Java HotSpot(TM) 64-Bit Server VM (18.0.1.1+2-6, mixed mode, sharing, tiered, compressed oops, compressed class ptrs, g1 gc, windows-amd64)
GC Precious Log:
 CardTable entry size: 512
 Card Set container configuration: InlinePtr #cards 5 size 8 Array Of Cards #cards 12 size 40 Howl #buckets 4 coarsen threshold 1843 Howl Bitmap #cards 512 size 80 coarsen threshold 460 Card regions per heap region 1 cards per card region 2048
 CPUs: 4 total, 4 available
 Memory: 3499M
 Large Page Support: Disabled
 NUMA Support: Disabled
 Compressed Oops: Enabled (32-bit)
 Heap Region Size: 1M
 Heap Min Capacity: 8M
 Heap Initial Capacity: 56M
 Heap Max Capacity: 876M
 Pre-touch: Disabled
 Parallel Workers: 4
 Concurrent Workers: 1
 Concurrent Refinement Workers: 4
 Periodic GC: Disabled
Heap:
 garbage-first heap   total 45056K, used 18138K [0x00000000c9400000, 0x0000000100000000)
  region size 1024K, 6 young (6144K), 1 survivors (1024K)
 Metaspace       used 27268K, committed 27648K, reserved 1114112K
  class space    used 3313K, committed 3520K, reserved 1048576K
GC Heap History (14 events):
Event: 6.031 GC heap before
{Heap before GC invocations=0 (full 0):
 garbage-first heap   total 57344K, used 13312K [0x00000000c9400000, 0x0000000100000000)
  region size 1024K, 13 young (13312K), 0 survivors (0K)
 Metaspace       used 4118K, committed 4288K, reserved 1114112K
  class space    used 424K, committed 512K, reserved 1048576K
}
Event: 6.040 GC heap after
{Heap after GC invocations=1 (full 0):
 garbage-first heap   total 57344K, used 5094K [0x00000000c9400000, 0x0000000100000000)
  region size 1024K, 2 young (2048K), 2 survivors (2048K)
 Metaspace       used 4118K, committed 4288K, reserved 1114112K
  class space    used 424K, committed 512K, reserved 1048576K
}
Event: 6.704 GC heap before
{Heap before GC invocations=1 (full 0):
 garbage-first heap   total 57344K, used 15334K [0x00000000c9400000, 0x0000000100000000)
  region size 1024K, 12 young (12288K), 2 survivors (2048K)
 Metaspace       used 6907K, committed 7104K, reserved 1114112K
  class space    used 805K, committed 896K, reserved 1048576K
}
Event: 6.710 GC heap after
{Heap after GC invocations=2 (full 0):
 garbage-first heap   total 57344K, used 6409K [0x00000000c9400000, 0x0000000100000000)
  region size 1024K, 2 young (2048K), 2 survivors (2048K)
 Metaspace       used 6907K, committed 7104K, reserved 1114112K
  class space    used 805K, committed 896K, reserved 1048576K
}
Event: 7.740 GC heap before
{Heap before GC invocations=2 (full 0):
 garbage-first heap   total 57344K, used 24841K [0x00000000c9400000, 0x0000000100000000)
  region size 1024K, 21 young (21504K), 2 survivors (2048K)
 Metaspace       used 12730K, committed 13056K, reserved 1114112K
  class space    used 1508K, committed 1664K, reserved 1048576K
}
Event: 7.745 GC heap after
{Heap after GC invocations=3 (full 0):
 garbage-first heap   total 57344K, used 7468K [0x00000000c9400000, 0x0000000100000000)
  region size 1024K, 3 young (3072K), 3 survivors (3072K)
 Metaspace       used 12730K, committed 13056K, reserved 1114112K
  class space    used 1508K, committed 1664K, reserved 1048576K
}
Event: 8.900 GC heap before
{Heap before GC invocations=3 (full 0):
 garbage-first heap   total 57344K, used 34092K [0x00000000c9400000, 0x0000000100000000)
  region size 1024K, 29 young (29696K), 3 survivors (3072K)
 Metaspace       used 17407K, committed 17664K, reserved 1114112K
  class space    used 2082K, committed 2176K, reserved 1048576K
}
Event: 8.908 GC heap after
{Heap after GC invocations=4 (full 0):
 garbage-first heap   total 57344K, used 9183K [0x00000000c9400000, 0x0000000100000000)
  region size 1024K, 4 young (4096K), 4 survivors (4096K)
 Metaspace       used 17407K, committed 17664K, reserved 1114112K
  class space    used 2082K, committed 2176K, reserved 1048576K
}
Event: 10.040 GC heap before
{Heap before GC invocations=4 (full 0):
 garbage-first heap   total 57344K, used 23519K [0x00000000c9400000, 0x0000000100000000)
  region size 1024K, 19 young (19456K), 4 survivors (4096K)
 Metaspace       used 21242K, committed 21504K, reserved 1114112K
  class space    used 2592K, committed 2752K, reserved 1048576K
}
Event: 10.053 GC heap after
{Heap after GC invocations=5 (full 0):
 garbage-first heap   total 57344K, used 10946K [0x00000000c9400000, 0x0000000100000000)
  region size 1024K, 4 young (4096K), 4 survivors (4096K)
 Metaspace       used 21242K, committed 21504K, reserved 1114112K
  class space    used 2592K, committed 2752K, reserved 1048576K
}
Event: 11.419 GC heap before
{Heap before GC invocations=6 (full 0):
 garbage-first heap   total 45056K, used 33474K [0x00000000c9400000, 0x0000000100000000)
  region size 1024K, 26 young (26624K), 4 survivors (4096K)
 Metaspace       used 25709K, committed 26112K, reserved 1114112K
  class space    used 3137K, committed 3328K, reserved 1048576K
}
Event: 11.428 GC heap after
{Heap after GC invocations=7 (full 0):
 garbage-first heap   total 45056K, used 13262K [0x00000000c9400000, 0x0000000100000000)
  region size 1024K, 4 young (4096K), 4 survivors (4096K)
 Metaspace       used 25709K, committed 26112K, reserved 1114112K
  class space    used 3137K, committed 3328K, reserved 1048576K
}
Event: 11.464 GC heap before
{Heap before GC invocations=7 (full 0):
 garbage-first heap   total 45056K, used 14286K [0x00000000c9400000, 0x0000000100000000)
  region size 1024K, 5 young (5120K), 4 survivors (4096K)
 Metaspace       used 25818K, committed 26176K, reserved 1114112K
  class space    used 3153K, committed 3328K, reserved 1048576K
}
Event: 11.472 GC heap after
{Heap after GC invocations=8 (full 0):
 garbage-first heap   total 45056K, used 14042K [0x00000000c9400000, 0x0000000100000000)
  region size 1024K, 1 young (1024K), 1 survivors (1024K)
 Metaspace       used 25818K, committed 26176K, reserved 1114112K
  class space    used 3153K, committed 3328K, reserved 1048576K
}

