# JRE version: Java(TM) SE Runtime Environment (18.0.1.1+2) (build 18.0.1.1+2-6)
# Java VM: Java HotSpot(TM) 64-Bit Server VM (18.0.1.1+2-6, mixed mode, sharing, tiered, compressed oops, compressed class ptrs, g1 gc, windows-amd64)
GC Precious Log:
 CardTable entry size: 512
 Card Set container configuration: InlinePtr #cards 5 size 8 Array Of Cards #cards 12 size 40 Howl #buckets 4 coarsen threshold 1843 Howl Bitmap #cards 512 size 80 coarsen threshold 460 Card regions per heap region 1 cards per card region 2048
 CPUs: 4 total, 4 available
 Memory: 3499M
 Large Page Support: Disabled
 NUMA Support: Disabled
 Compressed Oops: Enabled (32-bit)
 Heap Region Size: 1M
 Heap Min Capacity: 8M
 Heap Initial Capacity: 56M
 Heap Max Capacity: 876M
 Pre-touch: Disabled
 Parallel Workers: 4
 Concurrent Workers: 1
 Concurrent Refinement Workers: 4
 Periodic GC: Disabled
Heap:
 garbage-first heap   total 57344K, used 13225K [0x00000000c9400000, 0x0000000100000000)
  region size 1024K, 9 young (9216K), 4 survivors (4096K)
 Metaspace       used 18496K, committed 18688K, reserved 1114112K
  class space    used 2226K, committed 2304K, reserved 1048576K
GC Heap History (8 events):
Event: 3.298 GC heap before
{Heap before GC invocations=0 (full 0):
 garbage-first heap   total 57344K, used 13312K [0x00000000c9400000, 0x0000000100000000)
  region size 1024K, 13 young (13312K), 0 survivors (0K)
 Metaspace       used 4146K, committed 4352K, reserved 1114112K
  class space    used 424K, committed 512K, reserved 1048576K
}
Event: 3.311 GC heap after
{Heap after GC invocations=1 (full 0):
 garbage-first heap   total 57344K, used 5193K [0x00000000c9400000, 0x0000000100000000)
  region size 1024K, 2 young (2048K), 2 survivors (2048K)
 Metaspace       used 4146K, committed 4352K, reserved 1114112K
  class space    used 424K, committed 512K, reserved 1048576K
}
Event: 3.963 GC heap before
{Heap before GC invocations=1 (full 0):
 garbage-first heap   total 57344K, used 15433K [0x00000000c9400000, 0x0000000100000000)
  region size 1024K, 12 young (12288K), 2 survivors (2048K)
 Metaspace       used 6954K, committed 7104K, reserved 1114112K
  class space    used 813K, committed 896K, reserved 1048576K
}
Event: 3.971 GC heap after
{Heap after GC invocations=2 (full 0):
 garbage-first heap   total 57344K, used 6248K [0x00000000c9400000, 0x0000000100000000)
  region size 1024K, 2 young (2048K), 2 survivors (2048K)
 Metaspace       used 6954K, committed 7104K, reserved 1114112K
  class space    used 813K, committed 896K, reserved 1048576K
}
Event: 5.699 GC heap before
{Heap before GC invocations=2 (full 0):
 garbage-first heap   total 57344K, used 24680K [0x00000000c9400000, 0x0000000100000000)
  region size 1024K, 21 young (21504K), 2 survivors (2048K)
 Metaspace       used 12698K, committed 12992K, reserved 1114112K
  class space    used 1504K, committed 1664K, reserved 1048576K
}
Event: 5.704 GC heap after
{Heap after GC invocations=3 (full 0):
 garbage-first heap   total 57344K, used 7269K [0x00000000c9400000, 0x0000000100000000)
  region size 1024K, 3 young (3072K), 3 survivors (3072K)
 Metaspace       used 12698K, committed 12992K, reserved 1114112K
  class space    used 1504K, committed 1664K, reserved 1048576K
}
Event: 9.811 GC heap before
{Heap before GC invocations=3 (full 0):
 garbage-first heap   total 57344K, used 33893K [0x00000000c9400000, 0x0000000100000000)
  region size 1024K, 29 young (29696K), 3 survivors (3072K)
 Metaspace       used 17395K, committed 17600K, reserved 1114112K
  class space    used 2079K, committed 2176K, reserved 1048576K
}
Event: 9.819 GC heap after
{Heap after GC invocations=4 (full 0):
 garbage-first heap   total 57344K, used 9129K [0x00000000c9400000, 0x0000000100000000)
  region size 1024K, 4 young (4096K), 4 survivors (4096K)
 Metaspace       used 17395K, committed 17600K, reserved 1114112K
  class space    used 2079K, committed 2176K, reserved 1048576K
}

