# JRE version: Java(TM) SE Runtime Environment (18.0.1.1+2) (build 18.0.1.1+2-6)
# Java VM: Java HotSpot(TM) 64-Bit Server VM (18.0.1.1+2-6, mixed mode, sharing, tiered, compressed oops, compressed class ptrs, g1 gc, windows-amd64)
GC Precious Log:
 CardTable entry size: 512
 Card Set container configuration: InlinePtr #cards 5 size 8 Array Of Cards #cards 12 size 40 Howl #buckets 4 coarsen threshold 1843 Howl Bitmap #cards 512 size 80 coarsen threshold 460 Card regions per heap region 1 cards per card region 2048
 CPUs: 4 total, 4 available
 Memory: 3499M
 Large Page Support: Disabled
 NUMA Support: Disabled
 Compressed Oops: Enabled (32-bit)
 Heap Region Size: 1M
 Heap Min Capacity: 8M
 Heap Initial Capacity: 56M
 Heap Max Capacity: 876M
 Pre-touch: Disabled
 Parallel Workers: 4
 Concurrent Workers: 1
 Concurrent Refinement Workers: 4
 Periodic GC: Disabled
Heap:
 garbage-first heap   total 80896K, used 43304K [0x00000000c9400000, 0x0000000100000000)
  region size 1024K, 1 young (1024K), 1 survivors (1024K)
 Metaspace       used 25522K, committed 25920K, reserved 1114112K
  class space    used 2806K, committed 3008K, reserved 1048576K
GC Heap History (20 events):
Event: 5.593 GC heap after
{Heap after GC invocations=4 (full 0):
 garbage-first heap   total 57344K, used 9999K [0x00000000c9400000, 0x0000000100000000)
  region size 1024K, 5 young (5120K), 5 survivors (5120K)
 Metaspace       used 12573K, committed 12864K, reserved 1114112K
  class space    used 1425K, committed 1600K, reserved 1048576K
}
Event: 6.083 GC heap before
{Heap before GC invocations=4 (full 0):
 garbage-first heap   total 57344K, used 37647K [0x00000000c9400000, 0x0000000100000000)
  region size 1024K, 32 young (32768K), 5 survivors (5120K)
 Metaspace       used 12895K, committed 13184K, reserved 1114112K
  class space    used 1441K, committed 1600K, reserved 1048576K
}
Event: 6.107 GC heap after
{Heap after GC invocations=5 (full 0):
 garbage-first heap   total 57344K, used 13634K [0x00000000c9400000, 0x0000000100000000)
  region size 1024K, 4 young (4096K), 4 survivors (4096K)
 Metaspace       used 12895K, committed 13184K, reserved 1114112K
  class space    used 1441K, committed 1600K, reserved 1048576K
}
Event: 6.993 GC heap before
{Heap before GC invocations=5 (full 0):
 garbage-first heap   total 57344K, used 39234K [0x00000000c9400000, 0x0000000100000000)
  region size 1024K, 29 young (29696K), 4 survivors (4096K)
 Metaspace       used 13738K, committed 14016K, reserved 1114112K
  class space    used 1512K, committed 1664K, reserved 1048576K
}
Event: 7.002 GC heap after
{Heap after GC invocations=6 (full 0):
 garbage-first heap   total 57344K, used 14843K [0x00000000c9400000, 0x0000000100000000)
  region size 1024K, 2 young (2048K), 2 survivors (2048K)
 Metaspace       used 13738K, committed 14016K, reserved 1114112K
  class space    used 1512K, committed 1664K, reserved 1048576K
}
Event: 8.045 GC heap before
{Heap before GC invocations=6 (full 0):
 garbage-first heap   total 57344K, used 45563K [0x00000000c9400000, 0x0000000100000000)
  region size 1024K, 28 young (28672K), 2 survivors (2048K)
 Metaspace       used 17070K, committed 17408K, reserved 1114112K
  class space    used 1872K, committed 2048K, reserved 1048576K
}
Event: 8.053 GC heap after
{Heap after GC invocations=7 (full 0):
 garbage-first heap   total 69632K, used 22400K [0x00000000c9400000, 0x0000000100000000)
  region size 1024K, 4 young (4096K), 4 survivors (4096K)
 Metaspace       used 17070K, committed 17408K, reserved 1114112K
  class space    used 1872K, committed 2048K, reserved 1048576K
}
Event: 8.346 GC heap before
{Heap before GC invocations=7 (full 0):
 garbage-first heap   total 69632K, used 25472K [0x00000000c9400000, 0x0000000100000000)
  region size 1024K, 9 young (9216K), 4 survivors (4096K)
 Metaspace       used 21245K, committed 21504K, reserved 1114112K
  class space    used 2383K, committed 2496K, reserved 1048576K
}
Event: 8.358 GC heap after
{Heap after GC invocations=8 (full 0):
 garbage-first heap   total 69632K, used 24985K [0x00000000c9400000, 0x0000000100000000)
  region size 1024K, 3 young (3072K), 3 survivors (3072K)
 Metaspace       used 21245K, committed 21504K, reserved 1114112K
  class space    used 2383K, committed 2496K, reserved 1048576K
}
Event: 9.016 GC heap before
{Heap before GC invocations=9 (full 0):
 garbage-first heap   total 69632K, used 40345K [0x00000000c9400000, 0x0000000100000000)
  region size 1024K, 20 young (20480K), 3 survivors (3072K)
 Metaspace       used 22814K, committed 23168K, reserved 1114112K
  class space    used 2523K, committed 2688K, reserved 1048576K
}
Event: 9.028 GC heap after
{Heap after GC invocations=10 (full 0):
 garbage-first heap   total 69632K, used 29696K [0x00000000c9400000, 0x0000000100000000)
  region size 1024K, 3 young (3072K), 3 survivors (3072K)
 Metaspace       used 22814K, committed 23168K, reserved 1114112K
  class space    used 2523K, committed 2688K, reserved 1048576K
}
Event: 9.418 GC heap before
{Heap before GC invocations=10 (full 0):
 garbage-first heap   total 69632K, used 45056K [0x00000000c9400000, 0x0000000100000000)
  region size 1024K, 18 young (18432K), 3 survivors (3072K)
 Metaspace       used 23364K, committed 23680K, reserved 1114112K
  class space    used 2585K, committed 2752K, reserved 1048576K
}
Event: 9.427 GC heap after
{Heap after GC invocations=11 (full 0):
 garbage-first heap   total 69632K, used 33760K [0x00000000c9400000, 0x0000000100000000)
  region size 1024K, 3 young (3072K), 3 survivors (3072K)
 Metaspace       used 23364K, committed 23680K, reserved 1114112K
  class space    used 2585K, committed 2752K, reserved 1048576K
}
Event: 10.042 GC heap before
{Heap before GC invocations=11 (full 0):
 garbage-first heap   total 69632K, used 49120K [0x00000000c9400000, 0x0000000100000000)
  region size 1024K, 17 young (17408K), 3 survivors (3072K)
 Metaspace       used 24941K, committed 25344K, reserved 1114112K
  class space    used 2764K, committed 2944K, reserved 1048576K
}
Event: 10.054 GC heap after
{Heap after GC invocations=12 (full 0):
 garbage-first heap   total 69632K, used 37171K [0x00000000c9400000, 0x0000000100000000)
  region size 1024K, 3 young (3072K), 3 survivors (3072K)
 Metaspace       used 24941K, committed 25344K, reserved 1114112K
  class space    used 2764K, committed 2944K, reserved 1048576K
}
Event: 10.631 GC heap before
{Heap before GC invocations=12 (full 0):
 garbage-first heap   total 69632K, used 48435K [0x00000000c9400000, 0x0000000100000000)
  region size 1024K, 16 young (16384K), 3 survivors (3072K)
 Metaspace       used 25484K, committed 25920K, reserved 1114112K
  class space    used 2806K, committed 3008K, reserved 1048576K
}
Event: 10.640 GC heap after
{Heap after GC invocations=13 (full 0):
 garbage-first heap   total 69632K, used 38395K [0x00000000c9400000, 0x0000000100000000)
  region size 1024K, 1 young (1024K), 1 survivors (1024K)
 Metaspace       used 25484K, committed 25920K, reserved 1114112K
  class space    used 2806K, committed 3008K, reserved 1048576K
}
Event: 10.804 GC heap before
{Heap before GC invocations=14 (full 0):
 garbage-first heap   total 80896K, used 52731K [0x00000000c9400000, 0x0000000100000000)
  region size 1024K, 14 young (14336K), 1 survivors (1024K)
 Metaspace       used 25522K, committed 25920K, reserved 1114112K
  class space    used 2806K, committed 3008K, reserved 1048576K
}
Event: 10.817 GC heap after
{Heap after GC invocations=15 (full 0):
 garbage-first heap   total 80896K, used 49152K [0x00000000c9400000, 0x0000000100000000)
  region size 1024K, 2 young (2048K), 2 survivors (2048K)
 Metaspace       used 25522K, committed 25920K, reserved 1114112K
  class space    used 2806K, committed 3008K, reserved 1048576K
}
Event: 10.833 GC heap before
{Heap before GC invocations=15 (full 0):
 garbage-first heap   total 80896K, used 50176K [0x00000000c9400000, 0x0000000100000000)
  region size 1024K, 3 young (3072K), 2 survivors (2048K)
 Metaspace       used 25522K, committed 25920K, reserved 1114112K
  class space    used 2806K, committed 3008K, reserved 1048576K
}

