# JRE version: Java(TM) SE Runtime Environment (18.0.1.1+2) (build 18.0.1.1+2-6)
# Java VM: Java HotSpot(TM) 64-Bit Server VM (18.0.1.1+2-6, mixed mode, sharing, tiered, compressed oops, compressed class ptrs, g1 gc, windows-amd64)
GC Precious Log:
 CardTable entry size: 512
 Card Set container configuration: InlinePtr #cards 5 size 8 Array Of Cards #cards 12 size 40 Howl #buckets 4 coarsen threshold 1843 Howl Bitmap #cards 512 size 80 coarsen threshold 460 Card regions per heap region 1 cards per card region 2048
 CPUs: 4 total, 4 available
 Memory: 3499M
 Large Page Support: Disabled
 NUMA Support: Disabled
 Compressed Oops: Enabled (32-bit)
 Heap Region Size: 1M
 Heap Min Capacity: 8M
 Heap Initial Capacity: 56M
 Heap Max Capacity: 876M
 Pre-touch: Disabled
 Parallel Workers: 4
 Concurrent Workers: 1
 Concurrent Refinement Workers: 4
 Periodic GC: Disabled
Heap:
 garbage-first heap   total 75776K, used 42985K [0x00000000c9400000, 0x0000000100000000)
  region size 1024K, 1 young (1024K), 1 survivors (1024K)
 Metaspace       used 25583K, committed 25984K, reserved 1114112K
  class space    used 2806K, committed 3008K, reserved 1048576K
GC Heap History (20 events):
Event: 4.202 GC heap after
{Heap after GC invocations=4 (full 0):
 garbage-first heap   total 57344K, used 9865K [0x00000000c9400000, 0x0000000100000000)
  region size 1024K, 5 young (5120K), 5 survivors (5120K)
 Metaspace       used 12580K, committed 12864K, reserved 1114112K
  class space    used 1426K, committed 1600K, reserved 1048576K
}
Event: 4.732 GC heap before
{Heap before GC invocations=4 (full 0):
 garbage-first heap   total 57344K, used 37513K [0x00000000c9400000, 0x0000000100000000)
  region size 1024K, 32 young (32768K), 5 survivors (5120K)
 Metaspace       used 12903K, committed 13184K, reserved 1114112K
  class space    used 1442K, committed 1600K, reserved 1048576K
}
Event: 4.751 GC heap after
{Heap after GC invocations=5 (full 0):
 garbage-first heap   total 57344K, used 13460K [0x00000000c9400000, 0x0000000100000000)
  region size 1024K, 4 young (4096K), 4 survivors (4096K)
 Metaspace       used 12903K, committed 13184K, reserved 1114112K
  class space    used 1442K, committed 1600K, reserved 1048576K
}
Event: 5.454 GC heap before
{Heap before GC invocations=5 (full 0):
 garbage-first heap   total 57344K, used 39060K [0x00000000c9400000, 0x0000000100000000)
  region size 1024K, 29 young (29696K), 4 survivors (4096K)
 Metaspace       used 13722K, committed 14016K, reserved 1114112K
  class space    used 1513K, committed 1664K, reserved 1048576K
}
Event: 5.463 GC heap after
{Heap after GC invocations=6 (full 0):
 garbage-first heap   total 57344K, used 14399K [0x00000000c9400000, 0x0000000100000000)
  region size 1024K, 2 young (2048K), 2 survivors (2048K)
 Metaspace       used 13722K, committed 14016K, reserved 1114112K
  class space    used 1513K, committed 1664K, reserved 1048576K
}
Event: 6.568 GC heap before
{Heap before GC invocations=6 (full 0):
 garbage-first heap   total 57344K, used 45119K [0x00000000c9400000, 0x0000000100000000)
  region size 1024K, 28 young (28672K), 2 survivors (2048K)
 Metaspace       used 17048K, committed 17408K, reserved 1114112K
  class space    used 1872K, committed 2048K, reserved 1048576K
}
Event: 6.576 GC heap after
{Heap after GC invocations=7 (full 0):
 garbage-first heap   total 69632K, used 20571K [0x00000000c9400000, 0x0000000100000000)
  region size 1024K, 4 young (4096K), 4 survivors (4096K)
 Metaspace       used 17048K, committed 17408K, reserved 1114112K
  class space    used 1872K, committed 2048K, reserved 1048576K
}
Event: 6.877 GC heap before
{Heap before GC invocations=7 (full 0):
 garbage-first heap   total 69632K, used 24667K [0x00000000c9400000, 0x0000000100000000)
  region size 1024K, 10 young (10240K), 4 survivors (4096K)
 Metaspace       used 21220K, committed 21504K, reserved 1114112K
  class space    used 2384K, committed 2496K, reserved 1048576K
}
Event: 6.889 GC heap after
{Heap after GC invocations=8 (full 0):
 garbage-first heap   total 69632K, used 21861K [0x00000000c9400000, 0x0000000100000000)
  region size 1024K, 5 young (5120K), 5 survivors (5120K)
 Metaspace       used 21220K, committed 21504K, reserved 1114112K
  class space    used 2384K, committed 2496K, reserved 1048576K
}
Event: 7.762 GC heap before
{Heap before GC invocations=9 (full 0):
 garbage-first heap   total 69632K, used 39269K [0x00000000c9400000, 0x0000000100000000)
  region size 1024K, 22 young (22528K), 5 survivors (5120K)
 Metaspace       used 22773K, committed 23104K, reserved 1114112K
  class space    used 2523K, committed 2688K, reserved 1048576K
}
Event: 7.775 GC heap after
{Heap after GC invocations=10 (full 0):
 garbage-first heap   total 69632K, used 28456K [0x00000000c9400000, 0x0000000100000000)
  region size 1024K, 3 young (3072K), 3 survivors (3072K)
 Metaspace       used 22773K, committed 23104K, reserved 1114112K
  class space    used 2523K, committed 2688K, reserved 1048576K
}
Event: 8.163 GC heap before
{Heap before GC invocations=10 (full 0):
 garbage-first heap   total 69632K, used 43816K [0x00000000c9400000, 0x0000000100000000)
  region size 1024K, 18 young (18432K), 3 survivors (3072K)
 Metaspace       used 23309K, committed 23680K, reserved 1114112K
  class space    used 2585K, committed 2752K, reserved 1048576K
}
Event: 8.172 GC heap after
{Heap after GC invocations=11 (full 0):
 garbage-first heap   total 69632K, used 32768K [0x00000000c9400000, 0x0000000100000000)
  region size 1024K, 3 young (3072K), 3 survivors (3072K)
 Metaspace       used 23309K, committed 23680K, reserved 1114112K
  class space    used 2585K, committed 2752K, reserved 1048576K
}
Event: 8.709 GC heap before
{Heap before GC invocations=11 (full 0):
 garbage-first heap   total 69632K, used 48128K [0x00000000c9400000, 0x0000000100000000)
  region size 1024K, 17 young (17408K), 3 survivors (3072K)
 Metaspace       used 24916K, committed 25280K, reserved 1114112K
  class space    used 2764K, committed 2944K, reserved 1048576K
}
Event: 8.723 GC heap after
{Heap after GC invocations=12 (full 0):
 garbage-first heap   total 69632K, used 36643K [0x00000000c9400000, 0x0000000100000000)
  region size 1024K, 3 young (3072K), 3 survivors (3072K)
 Metaspace       used 24916K, committed 25280K, reserved 1114112K
  class space    used 2764K, committed 2944K, reserved 1048576K
}
Event: 9.393 GC heap before
{Heap before GC invocations=12 (full 0):
 garbage-first heap   total 69632K, used 48931K [0x00000000c9400000, 0x0000000100000000)
  region size 1024K, 16 young (16384K), 3 survivors (3072K)
 Metaspace       used 25549K, committed 25984K, reserved 1114112K
  class space    used 2806K, committed 3008K, reserved 1048576K
}
Event: 9.401 GC heap after
{Heap after GC invocations=13 (full 0):
 garbage-first heap   total 69632K, used 37727K [0x00000000c9400000, 0x0000000100000000)
  region size 1024K, 1 young (1024K), 1 survivors (1024K)
 Metaspace       used 25549K, committed 25984K, reserved 1114112K
  class space    used 2806K, committed 3008K, reserved 1048576K
}
Event: 9.573 GC heap before
{Heap before GC invocations=14 (full 0):
 garbage-first heap   total 75776K, used 52063K [0x00000000c9400000, 0x0000000100000000)
  region size 1024K, 14 young (14336K), 1 survivors (1024K)
 Metaspace       used 25583K, committed 25984K, reserved 1114112K
  class space    used 2806K, committed 3008K, reserved 1048576K
}
Event: 9.584 GC heap after
{Heap after GC invocations=15 (full 0):
 garbage-first heap   total 75776K, used 48549K [0x00000000c9400000, 0x0000000100000000)
  region size 1024K, 2 young (2048K), 2 survivors (2048K)
 Metaspace       used 25583K, committed 25984K, reserved 1114112K
  class space    used 2806K, committed 3008K, reserved 1048576K
}
Event: 9.597 GC heap before
{Heap before GC invocations=15 (full 0):
 garbage-first heap   total 75776K, used 49573K [0x00000000c9400000, 0x0000000100000000)
  region size 1024K, 3 young (3072K), 2 survivors (2048K)
 Metaspace       used 25583K, committed 25984K, reserved 1114112K
  class space    used 2806K, committed 3008K, reserved 1048576K
}

