# JRE version: Java(TM) SE Runtime Environment (18.0.1.1+2) (build 18.0.1.1+2-6)
# Java VM: Java HotSpot(TM) 64-Bit Server VM (18.0.1.1+2-6, mixed mode, sharing, tiered, compressed oops, compressed class ptrs, g1 gc, windows-amd64)
GC Precious Log:
 CardTable entry size: 512
 Card Set container configuration: InlinePtr #cards 5 size 8 Array Of Cards #cards 12 size 40 Howl #buckets 4 coarsen threshold 1843 Howl Bitmap #cards 512 size 80 coarsen threshold 460 Card regions per heap region 1 cards per card region 2048
 CPUs: 4 total, 4 available
 Memory: 3499M
 Large Page Support: Disabled
 NUMA Support: Disabled
 Compressed Oops: Enabled (32-bit)
 Heap Region Size: 1M
 Heap Min Capacity: 8M
 Heap Initial Capacity: 56M
 Heap Max Capacity: 876M
 Pre-touch: Disabled
 Parallel Workers: 4
 Concurrent Workers: 1
 Concurrent Refinement Workers: 4
 Periodic GC: Disabled
Heap:
 garbage-first heap   total 81920K, used 41628K [0x00000000c9400000, 0x0000000100000000)
  region size 1024K, 2 young (2048K), 2 survivors (2048K)
 Metaspace       used 25749K, committed 26112K, reserved 1114112K
  class space    used 2808K, committed 3008K, reserved 1048576K
GC Heap History (20 events):
Event: 10.263 GC heap after
{Heap after GC invocations=12 (full 0):
 garbage-first heap   total 69632K, used 33008K [0x00000000c9400000, 0x0000000100000000)
  region size 1024K, 2 young (2048K), 2 survivors (2048K)
 Metaspace       used 23304K, committed 23680K, reserved 1114112K
  class space    used 2584K, committed 2752K, reserved 1048576K
}
Event: 10.415 GC heap before
{Heap before GC invocations=13 (full 0):
 garbage-first heap   total 69632K, used 39152K [0x00000000c9400000, 0x0000000100000000)
  region size 1024K, 9 young (9216K), 2 survivors (2048K)
 Metaspace       used 23418K, committed 23744K, reserved 1114112K
  class space    used 2585K, committed 2752K, reserved 1048576K
}
Event: 10.423 GC heap after
{Heap after GC invocations=14 (full 0):
 garbage-first heap   total 69632K, used 34950K [0x00000000c9400000, 0x0000000100000000)
  region size 1024K, 2 young (2048K), 2 survivors (2048K)
 Metaspace       used 23418K, committed 23744K, reserved 1114112K
  class space    used 2585K, committed 2752K, reserved 1048576K
}
Event: 11.276 GC heap before
{Heap before GC invocations=15 (full 0):
 garbage-first heap   total 69632K, used 48262K [0x00000000c9400000, 0x0000000100000000)
  region size 1024K, 14 young (14336K), 2 survivors (2048K)
 Metaspace       used 25250K, committed 25664K, reserved 1114112K
  class space    used 2798K, committed 3008K, reserved 1048576K
}
Event: 11.284 GC heap after
{Heap after GC invocations=16 (full 0):
 garbage-first heap   total 69632K, used 37670K [0x00000000c9400000, 0x0000000100000000)
  region size 1024K, 2 young (2048K), 2 survivors (2048K)
 Metaspace       used 25250K, committed 25664K, reserved 1114112K
  class space    used 2798K, committed 3008K, reserved 1048576K
}
Event: 11.782 GC heap before
{Heap before GC invocations=16 (full 0):
 garbage-first heap   total 69632K, used 46886K [0x00000000c9400000, 0x0000000100000000)
  region size 1024K, 13 young (13312K), 2 survivors (2048K)
 Metaspace       used 25512K, committed 25856K, reserved 1114112K
  class space    used 2806K, committed 3008K, reserved 1048576K
}
Event: 11.790 GC heap after
{Heap after GC invocations=17 (full 0):
 garbage-first heap   total 69632K, used 38363K [0x00000000c9400000, 0x0000000100000000)
  region size 1024K, 1 young (1024K), 1 survivors (1024K)
 Metaspace       used 25512K, committed 25856K, reserved 1114112K
  class space    used 2806K, committed 3008K, reserved 1048576K
}
Event: 11.940 GC heap before
{Heap before GC invocations=18 (full 0):
 garbage-first heap   total 80896K, used 52699K [0x00000000c9400000, 0x0000000100000000)
  region size 1024K, 14 young (14336K), 1 survivors (1024K)
 Metaspace       used 25550K, committed 25920K, reserved 1114112K
  class space    used 2806K, committed 3008K, reserved 1048576K
}
Event: 11.951 GC heap after
{Heap after GC invocations=19 (full 0):
 garbage-first heap   total 80896K, used 48991K [0x00000000c9400000, 0x0000000100000000)
  region size 1024K, 2 young (2048K), 2 survivors (2048K)
 Metaspace       used 25550K, committed 25920K, reserved 1114112K
  class space    used 2806K, committed 3008K, reserved 1048576K
}
Event: 11.962 GC heap before
{Heap before GC invocations=19 (full 0):
 garbage-first heap   total 80896K, used 50015K [0x00000000c9400000, 0x0000000100000000)
  region size 1024K, 3 young (3072K), 2 survivors (2048K)
 Metaspace       used 25550K, committed 25920K, reserved 1114112K
  class space    used 2806K, committed 3008K, reserved 1048576K
}
Event: 11.968 GC heap after
{Heap after GC invocations=20 (full 0):
 garbage-first heap   total 80896K, used 43097K [0x00000000c9400000, 0x0000000100000000)
  region size 1024K, 1 young (1024K), 1 survivors (1024K)
 Metaspace       used 25550K, committed 25920K, reserved 1114112K
  class space    used 2806K, committed 3008K, reserved 1048576K
}
Event: 12.006 GC heap before
{Heap before GC invocations=20 (full 0):
 garbage-first heap   total 80896K, used 45145K [0x00000000c9400000, 0x0000000100000000)
  region size 1024K, 3 young (3072K), 1 survivors (1024K)
 Metaspace       used 25550K, committed 25920K, reserved 1114112K
  class space    used 2806K, committed 3008K, reserved 1048576K
}
Event: 12.010 GC heap after
{Heap after GC invocations=21 (full 0):
 garbage-first heap   total 80896K, used 42727K [0x00000000c9400000, 0x0000000100000000)
  region size 1024K, 1 young (1024K), 1 survivors (1024K)
 Metaspace       used 25550K, committed 25920K, reserved 1114112K
  class space    used 2806K, committed 3008K, reserved 1048576K
}
Event: 12.234 GC heap before
{Heap before GC invocations=21 (full 0):
 garbage-first heap   total 80896K, used 55015K [0x00000000c9400000, 0x0000000100000000)
  region size 1024K, 14 young (14336K), 1 survivors (1024K)
 Metaspace       used 25562K, committed 25984K, reserved 1114112K
  class space    used 2806K, committed 3008K, reserved 1048576K
}
Event: 12.239 GC heap after
{Heap after GC invocations=22 (full 0):
 garbage-first heap   total 80896K, used 46547K [0x00000000c9400000, 0x0000000100000000)
  region size 1024K, 2 young (2048K), 2 survivors (2048K)
 Metaspace       used 25562K, committed 25984K, reserved 1114112K
  class space    used 2806K, committed 3008K, reserved 1048576K
}
Event: 12.670 GC heap before
{Heap before GC invocations=23 (full 0):
 garbage-first heap   total 81920K, used 57811K [0x00000000c9400000, 0x0000000100000000)
  region size 1024K, 14 young (14336K), 2 survivors (2048K)
 Metaspace       used 25590K, committed 25984K, reserved 1114112K
  class space    used 2807K, committed 3008K, reserved 1048576K
}
Event: 12.675 GC heap after
{Heap after GC invocations=24 (full 0):
 garbage-first heap   total 81920K, used 47759K [0x00000000c9400000, 0x0000000100000000)
  region size 1024K, 2 young (2048K), 2 survivors (2048K)
 Metaspace       used 25590K, committed 25984K, reserved 1114112K
  class space    used 2807K, committed 3008K, reserved 1048576K
}
Event: 12.794 GC heap before
{Heap before GC invocations=24 (full 0):
 garbage-first heap   total 81920K, used 49807K [0x00000000c9400000, 0x0000000100000000)
  region size 1024K, 4 young (4096K), 2 survivors (2048K)
 Metaspace       used 25604K, committed 26048K, reserved 1114112K
  class space    used 2807K, committed 3008K, reserved 1048576K
}
Event: 12.798 GC heap after
{Heap after GC invocations=25 (full 0):
 garbage-first heap   total 81920K, used 40809K [0x00000000c9400000, 0x0000000100000000)
  region size 1024K, 1 young (1024K), 1 survivors (1024K)
 Metaspace       used 25604K, committed 26048K, reserved 1114112K
  class space    used 2807K, committed 3008K, reserved 1048576K
}
Event: 14.263 GC heap before
{Heap before GC invocations=25 (full 0):
 garbage-first heap   total 81920K, used 56169K [0x00000000c9400000, 0x0000000100000000)
  region size 1024K, 17 young (17408K), 1 survivors (1024K)
 Metaspace       used 25749K, committed 26112K, reserved 1114112K
  class space    used 2808K, committed 3008K, reserved 1048576K
}

