# JRE version: Java(TM) SE Runtime Environment (18.0.1.1+2) (build 18.0.1.1+2-6)
# Java VM: Java HotSpot(TM) 64-Bit Server VM (18.0.1.1+2-6, mixed mode, sharing, tiered, compressed oops, compressed class ptrs, g1 gc, windows-amd64)
GC Precious Log:
 CardTable entry size: 512
 Card Set container configuration: InlinePtr #cards 5 size 8 Array Of Cards #cards 12 size 40 Howl #buckets 4 coarsen threshold 1843 Howl Bitmap #cards 512 size 80 coarsen threshold 460 Card regions per heap region 1 cards per card region 2048
 CPUs: 4 total, 4 available
 Memory: 3499M
 Large Page Support: Disabled
 NUMA Support: Disabled
 Compressed Oops: Enabled (32-bit)
 Heap Region Size: 1M
 Heap Min Capacity: 8M
 Heap Initial Capacity: 56M
 Heap Max Capacity: 876M
 Pre-touch: Disabled
 Parallel Workers: 4
 Concurrent Workers: 1
 Concurrent Refinement Workers: 4
 Periodic GC: Disabled
Heap:
 garbage-first heap   total 45056K, used 24573K [0x00000000c9400000, 0x0000000100000000)
  region size 1024K, 10 young (10240K), 1 survivors (1024K)
 Metaspace       used 38401K, committed 38912K, reserved 1114112K
  class space    used 4598K, committed 4864K, reserved 1048576K
GC Heap History (20 events):
Event: 3.745 GC heap before
{Heap before GC invocations=2 (full 0):
 garbage-first heap   total 57344K, used 25142K [0x00000000c9400000, 0x0000000100000000)
  region size 1024K, 21 young (21504K), 2 survivors (2048K)
 Metaspace       used 12871K, committed 13184K, reserved 1114112K
  class space    used 1522K, committed 1664K, reserved 1048576K
}
Event: 3.750 GC heap after
{Heap after GC invocations=3 (full 0):
 garbage-first heap   total 57344K, used 7143K [0x00000000c9400000, 0x0000000100000000)
  region size 1024K, 3 young (3072K), 3 survivors (3072K)
 Metaspace       used 12871K, committed 13184K, reserved 1114112K
  class space    used 1522K, committed 1664K, reserved 1048576K
}
Event: 4.988 GC heap before
{Heap before GC invocations=3 (full 0):
 garbage-first heap   total 57344K, used 35815K [0x00000000c9400000, 0x0000000100000000)
  region size 1024K, 31 young (31744K), 3 survivors (3072K)
 Metaspace       used 18075K, committed 18368K, reserved 1114112K
  class space    used 2165K, committed 2304K, reserved 1048576K
}
Event: 4.999 GC heap after
{Heap after GC invocations=4 (full 0):
 garbage-first heap   total 57344K, used 9614K [0x00000000c9400000, 0x0000000100000000)
  region size 1024K, 4 young (4096K), 4 survivors (4096K)
 Metaspace       used 18075K, committed 18368K, reserved 1114112K
  class space    used 2165K, committed 2304K, reserved 1048576K
}
Event: 5.838 GC heap before
{Heap before GC invocations=4 (full 0):
 garbage-first heap   total 57344K, used 23950K [0x00000000c9400000, 0x0000000100000000)
  region size 1024K, 19 young (19456K), 4 survivors (4096K)
 Metaspace       used 21146K, committed 21504K, reserved 1114112K
  class space    used 2555K, committed 2752K, reserved 1048576K
}
Event: 5.854 GC heap after
{Heap after GC invocations=5 (full 0):
 garbage-first heap   total 57344K, used 11163K [0x00000000c9400000, 0x0000000100000000)
  region size 1024K, 2 young (2048K), 2 survivors (2048K)
 Metaspace       used 21146K, committed 21504K, reserved 1114112K
  class space    used 2555K, committed 2752K, reserved 1048576K
}
Event: 8.186 GC heap before
{Heap before GC invocations=6 (full 0):
 garbage-first heap   total 45056K, used 35739K [0x00000000c9400000, 0x0000000100000000)
  region size 1024K, 26 young (26624K), 2 survivors (2048K)
 Metaspace       used 27460K, committed 27968K, reserved 1114112K
  class space    used 3350K, committed 3584K, reserved 1048576K
}
Event: 8.197 GC heap after
{Heap after GC invocations=7 (full 0):
 garbage-first heap   total 45056K, used 13330K [0x00000000c9400000, 0x0000000100000000)
  region size 1024K, 4 young (4096K), 4 survivors (4096K)
 Metaspace       used 27460K, committed 27968K, reserved 1114112K
  class space    used 3350K, committed 3584K, reserved 1048576K
}
Event: 8.260 GC heap before
{Heap before GC invocations=7 (full 0):
 garbage-first heap   total 45056K, used 14354K [0x00000000c9400000, 0x0000000100000000)
  region size 1024K, 5 young (5120K), 4 survivors (4096K)
 Metaspace       used 27597K, committed 28160K, reserved 1114112K
  class space    used 3376K, committed 3648K, reserved 1048576K
}
Event: 8.272 GC heap after
{Heap after GC invocations=8 (full 0):
 garbage-first heap   total 45056K, used 13592K [0x00000000c9400000, 0x0000000100000000)
  region size 1024K, 1 young (1024K), 1 survivors (1024K)
 Metaspace       used 27597K, committed 28160K, reserved 1114112K
  class space    used 3376K, committed 3648K, reserved 1048576K
}
Event: 9.336 GC heap before
{Heap before GC invocations=8 (full 0):
 garbage-first heap   total 45056K, used 31000K [0x00000000c9400000, 0x0000000100000000)
  region size 1024K, 19 young (19456K), 1 survivors (1024K)
 Metaspace       used 31589K, committed 32128K, reserved 1114112K
  class space    used 3841K, committed 4096K, reserved 1048576K
}
Event: 9.341 GC heap after
{Heap after GC invocations=9 (full 0):
 garbage-first heap   total 45056K, used 15650K [0x00000000c9400000, 0x0000000100000000)
  region size 1024K, 3 young (3072K), 3 survivors (3072K)
 Metaspace       used 31589K, committed 32128K, reserved 1114112K
  class space    used 3841K, committed 4096K, reserved 1048576K
}
Event: 3373.469 GC heap before
{Heap before GC invocations=9 (full 0):
 garbage-first heap   total 45056K, used 31010K [0x00000000c9400000, 0x0000000100000000)
  region size 1024K, 19 young (19456K), 3 survivors (3072K)
 Metaspace       used 35441K, committed 35968K, reserved 1114112K
  class space    used 4327K, committed 4608K, reserved 1048576K
}
Event: 3373.512 GC heap after
{Heap after GC invocations=10 (full 0):
 garbage-first heap   total 45056K, used 16922K [0x00000000c9400000, 0x0000000100000000)
  region size 1024K, 2 young (2048K), 2 survivors (2048K)
 Metaspace       used 35441K, committed 35968K, reserved 1114112K
  class space    used 4327K, committed 4608K, reserved 1048576K
}
Event: 3373.582 GC heap before
{Heap before GC invocations=10 (full 0):
 garbage-first heap   total 45056K, used 16922K [0x00000000c9400000, 0x0000000100000000)
  region size 1024K, 3 young (3072K), 2 survivors (2048K)
 Metaspace       used 35584K, committed 36096K, reserved 1114112K
  class space    used 4341K, committed 4608K, reserved 1048576K
}
Event: 3373.594 GC heap after
{Heap after GC invocations=11 (full 0):
 garbage-first heap   total 45056K, used 16776K [0x00000000c9400000, 0x0000000100000000)
  region size 1024K, 2 young (2048K), 2 survivors (2048K)
 Metaspace       used 35584K, committed 36096K, reserved 1114112K
  class space    used 4341K, committed 4608K, reserved 1048576K
}
Event: 3545.706 GC heap before
{Heap before GC invocations=12 (full 0):
 garbage-first heap   total 45056K, used 32136K [0x00000000c9400000, 0x0000000100000000)
  region size 1024K, 18 young (18432K), 2 survivors (2048K)
 Metaspace       used 38198K, committed 38656K, reserved 1114112K
  class space    used 4584K, committed 4800K, reserved 1048576K
}
Event: 3546.003 GC heap after
{Heap after GC invocations=13 (full 0):
 garbage-first heap   total 45056K, used 17737K [0x00000000c9400000, 0x0000000100000000)
  region size 1024K, 3 young (3072K), 3 survivors (3072K)
 Metaspace       used 38198K, committed 38656K, reserved 1114112K
  class space    used 4584K, committed 4800K, reserved 1048576K
}
Event: 3548.942 GC heap before
{Heap before GC invocations=13 (full 0):
 garbage-first heap   total 45056K, used 18761K [0x00000000c9400000, 0x0000000100000000)
  region size 1024K, 4 young (4096K), 3 survivors (3072K)
 Metaspace       used 38217K, committed 38656K, reserved 1114112K
  class space    used 4585K, committed 4800K, reserved 1048576K
}
Event: 3548.998 GC heap after
{Heap after GC invocations=14 (full 0):
 garbage-first heap   total 45056K, used 17405K [0x00000000c9400000, 0x0000000100000000)
  region size 1024K, 1 young (1024K), 1 survivors (1024K)
 Metaspace       used 38217K, committed 38656K, reserved 1114112K
  class space    used 4585K, committed 4800K, reserved 1048576K
}

